<?xml version="1.0" encoding="UTF-8"?>
<!-- Generated by org.testng.reporters.JUnitReportReporter -->
<testsuite hostname="TEO-Haider1" failures="0" tests="3" name="Tests.WelcomeScreenTests" time="34.419" errors="1" timestamp="2020-12-01T19:34:23 PKT" skipped="1">
  <testcase classname="Tests.WelcomeScreenTests" name="VerifyGetStartedBtnTest" time="30.084"/>
  <system-out/>
  <testcase classname="Tests.WelcomeScreenTests" name="recordFailure" time="4.335">
    <error message="Unable to get test information. Make sure the test class includes a @Rule:
  @Rule
  public TestWatcher watcher = Factory.createWatcher();" type="java.lang.RuntimeException">
      <![CDATA[java.lang.RuntimeException: Unable to get test information. Make sure the test class includes a @Rule:
  @Rule
  public TestWatcher watcher = Factory.createWatcher();
at com.microsoft.appcenter.appium.EventReporter.getRun(EventReporter.java:47)
at com.microsoft.appcenter.appium.EventReporter.reportLabel(EventReporter.java:60)
at com.microsoft.appcenter.appium.EnhancedAndroidDriver.lambda$label$1(EnhancedAndroidDriver.java:74)
at com.microsoft.appcenter.appium.EnhancedAndroidDriver.access$lambda$1(EnhancedAndroidDriver.java)
at com.microsoft.appcenter.appium.EnhancedAndroidDriver$$Lambda$4.accept(Unknown Source)
at com.microsoft.appcenter.appium.DriverHelper.getScreenshotToWorkspace(DriverHelper.java:21)
at com.microsoft.appcenter.appium.EnhancedAndroidDriver.label(EnhancedAndroidDriver.java:73)
at Tests.BaseTests.recordFailure(BaseTests.java:130)
at java.base/jdk.internal.reflect.NativeMethodAccessorImpl.invoke0(Native Method)
at java.base/jdk.internal.reflect.NativeMethodAccessorImpl.invoke(NativeMethodAccessorImpl.java:62)
at java.base/jdk.internal.reflect.DelegatingMethodAccessorImpl.invoke(DelegatingMethodAccessorImpl.java:43)
at java.base/java.lang.reflect.Method.invoke(Method.java:567)
at org.testng.internal.MethodInvocationHelper.invokeMethod(MethodInvocationHelper.java:132)
at org.testng.internal.MethodInvocationHelper.invokeMethodConsideringTimeout(MethodInvocationHelper.java:61)
at org.testng.internal.ConfigInvoker.invokeConfigurationMethod(ConfigInvoker.java:366)
at org.testng.internal.ConfigInvoker.invokeConfigurations(ConfigInvoker.java:320)
at org.testng.internal.TestInvoker.runConfigMethods(TestInvoker.java:701)
at org.testng.internal.TestInvoker.runAfterGroupsConfigurations(TestInvoker.java:677)
at org.testng.internal.TestInvoker.invokeMethod(TestInvoker.java:661)
at org.testng.internal.TestInvoker.invokeTestMethod(TestInvoker.java:174)
at org.testng.internal.MethodRunner.runInSequence(MethodRunner.java:46)
at org.testng.internal.TestInvoker$MethodInvocationAgent.invoke(TestInvoker.java:822)
at org.testng.internal.TestInvoker.invokeTestMethods(TestInvoker.java:147)
at org.testng.internal.TestMethodWorker.invokeTestMethods(TestMethodWorker.java:146)
at org.testng.internal.TestMethodWorker.run(TestMethodWorker.java:128)
at java.base/java.util.ArrayList.forEach(ArrayList.java:1507)
at org.testng.TestRunner.privateRun(TestRunner.java:764)
at org.testng.TestRunner.run(TestRunner.java:585)
at org.testng.SuiteRunner.runTest(SuiteRunner.java:384)
at org.testng.SuiteRunner.runSequentially(SuiteRunner.java:378)
at org.testng.SuiteRunner.privateRun(SuiteRunner.java:337)
at org.testng.SuiteRunner.run(SuiteRunner.java:286)
at org.testng.SuiteRunnerWorker.runSuite(SuiteRunnerWorker.java:53)
at org.testng.SuiteRunnerWorker.run(SuiteRunnerWorker.java:96)
at org.testng.TestNG.runSuitesSequentially(TestNG.java:1218)
at org.testng.TestNG.runSuitesLocally(TestNG.java:1140)
at org.testng.TestNG.runSuites(TestNG.java:1069)
at org.testng.TestNG.run(TestNG.java:1037)
at org.apache.maven.surefire.testng.TestNGExecutor.run(TestNGExecutor.java:136)
at org.apache.maven.surefire.testng.TestNGDirectoryTestSuite.executeMulti(TestNGDirectoryTestSuite.java:193)
at org.apache.maven.surefire.testng.TestNGDirectoryTestSuite.execute(TestNGDirectoryTestSuite.java:94)
at org.apache.maven.surefire.testng.TestNGProvider.invoke(TestNGProvider.java:145)
at org.apache.maven.surefire.booter.ForkedBooter.runSuitesInProcess(ForkedBooter.java:428)
at org.apache.maven.surefire.booter.ForkedBooter.execute(ForkedBooter.java:162)
at org.apache.maven.surefire.booter.ForkedBooter.run(ForkedBooter.java:562)
at org.apache.maven.surefire.booter.ForkedBooter.main(ForkedBooter.java:548)
]]>
    </error>
  </testcase> <!-- recordFailure -->
  <system-out/>
  <testcase classname="Tests.WelcomeScreenTests" name="VerifyLoginAsAnonymousUserBtnTest" time="0.000">
    <skipped/>
  </testcase> <!-- VerifyLoginAsAnonymousUserBtnTest -->
  <system-out/>
</testsuite> <!-- Tests.WelcomeScreenTests -->
